0 info it worked if it ends with ok
1 verbose cli [ '/Users/ndejes/.nvm/versions/node/v6.1.0/bin/node',
1 verbose cli   '/Users/ndejes/.nvm/versions/node/v6.1.0/bin/npm',
1 verbose cli   'run',
1 verbose cli   'test:lint' ]
2 info using npm@3.8.6
3 info using node@v6.1.0
4 verbose run-script [ 'pretest:lint', 'test:lint', 'posttest:lint' ]
5 info lifecycle Cyclops@1.0.0~pretest:lint: Cyclops@1.0.0
6 silly lifecycle Cyclops@1.0.0~pretest:lint: no script for pretest:lint, continuing
7 info lifecycle Cyclops@1.0.0~test:lint: Cyclops@1.0.0
8 verbose lifecycle Cyclops@1.0.0~test:lint: unsafe-perm in lifecycle true
9 verbose lifecycle Cyclops@1.0.0~test:lint: PATH: /Users/ndejes/.nvm/versions/node/v6.1.0/lib/node_modules/npm/bin/node-gyp-bin:/Users/ndejes/code/cyclops/node_modules/.bin:/Users/ndejes/.nvm/versions/node/v6.1.0/bin:/Users/ndejes/.rvm/gems/ruby-2.3.0/bin:/Users/ndejes/.rvm/gems/ruby-2.3.0@global/bin:/Users/ndejes/.rvm/rubies/ruby-2.3.0/bin:/Users/ndejes/.nvm/versions/node/v6.1.0/bin:/usr/local/bin:/usr/bin:/bin:/usr/sbin:/sbin:/Users/ndejes/.rvm/bin
10 verbose lifecycle Cyclops@1.0.0~test:lint: CWD: /Users/ndejes/code/cyclops
11 silly lifecycle Cyclops@1.0.0~test:lint: Args: [ '-c', 'eslint . --ext .js --ext .jsx --cache' ]
12 silly lifecycle Cyclops@1.0.0~test:lint: Returned: code: 1  signal: null
13 info lifecycle Cyclops@1.0.0~test:lint: Failed to exec test:lint script
14 verbose stack Error: Cyclops@1.0.0 test:lint: `eslint . --ext .js --ext .jsx --cache`
14 verbose stack Exit status 1
14 verbose stack     at EventEmitter.<anonymous> (/Users/ndejes/.nvm/versions/node/v6.1.0/lib/node_modules/npm/lib/utils/lifecycle.js:239:16)
14 verbose stack     at emitTwo (events.js:106:13)
14 verbose stack     at EventEmitter.emit (events.js:191:7)
14 verbose stack     at ChildProcess.<anonymous> (/Users/ndejes/.nvm/versions/node/v6.1.0/lib/node_modules/npm/lib/utils/spawn.js:24:14)
14 verbose stack     at emitTwo (events.js:106:13)
14 verbose stack     at ChildProcess.emit (events.js:191:7)
14 verbose stack     at maybeClose (internal/child_process.js:850:16)
14 verbose stack     at Process.ChildProcess._handle.onexit (internal/child_process.js:215:5)
15 verbose pkgid Cyclops@1.0.0
16 verbose cwd /Users/ndejes/code/cyclops
17 error Darwin 15.6.0
18 error argv "/Users/ndejes/.nvm/versions/node/v6.1.0/bin/node" "/Users/ndejes/.nvm/versions/node/v6.1.0/bin/npm" "run" "test:lint"
19 error node v6.1.0
20 error npm  v3.8.6
21 error code ELIFECYCLE
22 error Cyclops@1.0.0 test:lint: `eslint . --ext .js --ext .jsx --cache`
22 error Exit status 1
23 error Failed at the Cyclops@1.0.0 test:lint script 'eslint . --ext .js --ext .jsx --cache'.
23 error Make sure you have the latest version of node.js and npm installed.
23 error If you do, this is most likely a problem with the Cyclops package,
23 error not with npm itself.
23 error Tell the author that this fails on your system:
23 error     eslint . --ext .js --ext .jsx --cache
23 error You can get information on how to open an issue for this project with:
23 error     npm bugs Cyclops
23 error Or if that isn't available, you can get their info via:
23 error     npm owner ls Cyclops
23 error There is likely additional logging output above.
24 verbose exit [ 1, true ]
